<?xml version="1.0" encoding="UTF-8"?>
<!-- Generated by org.testng.reporters.JUnitReportReporter -->
<testsuite hostname="DESKTOP-70DCO5C" failures="0" tests="2" name="com.smartsheet.qa.testcases.SheetPageTest" time="39.067" errors="0" timestamp="04 Jul 2019 22:03:07 GMT" skipped="0">
  <testcase classname="com.smartsheet.qa.testcases.SheetPageTest" name="addcolumnTest" time="21.205"/>
  <testcase classname="com.smartsheet.qa.testcases.SheetPageTest" name="removecolumnTest" time="17.862"/>
</testsuite> <!-- com.smartsheet.qa.testcases.SheetPageTest -->
