<?xml version="1.0" encoding="UTF-8"?>
<!-- Generated by org.testng.reporters.JUnitReportReporter -->
<testsuite hostname="DESKTOP-70DCO5C" failures="0" tests="1" name="com.smartsheet.qa.testcases.LoginPageTest" time="6.259" errors="0" timestamp="04 Jul 2019 21:23:36 GMT" skipped="0">
  <testcase classname="com.smartsheet.qa.testcases.LoginPageTest" name="loginTest" time="6.259"/>
</testsuite> <!-- com.smartsheet.qa.testcases.LoginPageTest -->
